Watching for file changes with StatReloader
D:\PROJECT\jobfinder\jobs\views.py changed, reloading.
Watching for file changes with StatReloader
D:\PROJECT\jobfinder\jobs\views.py changed, reloading.
Watching for file changes with StatReloader
Unauthorized: /api/profile/
Watching for file changes with StatReloader
Watching for file changes with StatReloader
Unauthorized: /api/profile/
Unauthorized: /api/profile/
Unauthorized: /api/profile/
Unauthorized: /api/profile/
Unauthorized: /api/profile/
Unauthorized: /api/profile/
Unauthorized: /api/profile/
Watching for file changes with StatReloader
Watching for file changes with StatReloader
Watching for file changes with StatReloader
Watching for file changes with StatReloader
Bad Request: /api/login/
Bad Request: /api/login/
Bad Request: /api/login/
Bad Request: /api/login/
Watching for file changes with StatReloader
Watching for file changes with StatReloader
Watching for file changes with StatReloader
Watching for file changes with StatReloader
Watching for file changes with StatReloader
Watching for file changes with StatReloader
Watching for file changes with StatReloader
Watching for file changes with StatReloader
Watching for file changes with StatReloader
Watching for file changes with StatReloader
Watching for file changes with StatReloader
Watching for file changes with StatReloader
Watching for file changes with StatReloader
Watching for file changes with StatReloader
Watching for file changes with StatReloader
Watching for file changes with StatReloader
Watching for file changes with StatReloader
Watching for file changes with StatReloader
Watching for file changes with StatReloader
Watching for file changes with StatReloader
Watching for file changes with StatReloader
Watching for file changes with StatReloader
Watching for file changes with StatReloader
D:\PROJECT\jobfinder\jobfinder\settings.py changed, reloading.
Watching for file changes with StatReloader
D:\PROJECT\jobfinder\jobfinder\settings.py changed, reloading.
Watching for file changes with StatReloader
Watching for file changes with StatReloader
Watching for file changes with StatReloader
Watching for file changes with StatReloader
Watching for file changes with StatReloader
D:\PROJECT\jobfinder\jobs\migrations\0001_initial.py changed, reloading.
Watching for file changes with StatReloader
D:\PROJECT\jobfinder\jobs\migrations\0001_initial.py changed, reloading.
Watching for file changes with StatReloader
D:\PROJECT\jobfinder\jobs\migrations\0001_initial.py changed, reloading.
Watching for file changes with StatReloader
Watching for file changes with StatReloader
Bad Request: /api/login/
Bad Request: /api/login/
Watching for file changes with StatReloader
Watching for file changes with StatReloader
Bad Request: /api/login/
Bad Request: /api/login/
Bad Request: /api/login/
Watching for file changes with StatReloader
Watching for file changes with StatReloader
Bad Request: /api/login/
Bad Request: /api/login/
Bad Request: /api/login/
Watching for file changes with StatReloader
Watching for file changes with StatReloader
Watching for file changes with StatReloader
Watching for file changes with StatReloader
